ERROR 2024-12-27 09:25:40,741 C:\Users\snaks\Desktop\TEST_Dj\venv\Lib\site-packages\django\utils\log.py Internal Server Error: /news/1
Traceback (most recent call last):
  File "C:\Users\snaks\Desktop\TEST_Dj\venv\Lib\site-packages\django\core\handlers\exception.py", line 55, in inner
    response = get_response(request)
               ^^^^^^^^^^^^^^^^^^^^^
  File "C:\Users\snaks\Desktop\TEST_Dj\venv\Lib\site-packages\django\core\handlers\base.py", line 197, in _get_response
    response = wrapped_callback(request, *callback_args, **callback_kwargs)
               ^^^^^^^^^^^^^^^^^^^^^^^^^^^^^^^^^^^^^^^^^^^^^^^^^^^^^^^^^^^^
  File "C:\Users\snaks\Desktop\TEST_Dj\venv\Lib\site-packages\django\views\generic\base.py", line 104, in view
    return self.dispatch(request, *args, **kwargs)
           ^^^^^^^^^^^^^^^^^^^^^^^^^^^^^^^^^^^^^^^
  File "C:\Users\snaks\Desktop\TEST_Dj\venv\Lib\site-packages\django\views\generic\base.py", line 143, in dispatch
    return handler(request, *args, **kwargs)
           ^^^^^^^^^^^^^^^^^^^^^^^^^^^^^^^^^
  File "C:\Users\snaks\Desktop\TEST_Dj\venv\Lib\site-packages\django\views\generic\detail.py", line 109, in get
    context = self.get_context_data(object=self.object)
              ^^^^^^^^^^^^^^^^^^^^^^^^^^^^^^^^^^^^^^^^^
  File "C:\Users\snaks\Desktop\new_django\newspaper\news\views.py", line 77, in get_context_data
    cache.set(f'news-{self.kwargs["pk"]}', context)
  File "C:\Users\snaks\Desktop\TEST_Dj\venv\Lib\site-packages\django\core\cache\backends\filebased.py", line 54, in set
    self._write_content(f, timeout, value)
  File "C:\Users\snaks\Desktop\TEST_Dj\venv\Lib\site-packages\django\core\cache\backends\filebased.py", line 44, in _write_content
    file.write(zlib.compress(pickle.dumps(value, self.pickle_protocol)))
                             ^^^^^^^^^^^^^^^^^^^^^^^^^^^^^^^^^^^^^^^^^
TypeError: cannot pickle 'BufferedReader' instances
ERROR 2024-12-27 09:25:40,743 C:\Users\snaks\Desktop\TEST_Dj\venv\Lib\site-packages\django\core\servers\basehttp.py "GET /news/1 HTTP/1.1" 500 95093
